2023-09-19 14:31:08,963:INFO: Initializing train dataset
2023-09-19 14:31:14,205:INFO: Epoch: [1][0/8]	Loss 0.056728 (0.056728)
2023-09-19 14:31:14,292:INFO: Epoch: [2][0/8]	Loss 0.048728 (0.048728)
2023-09-19 14:31:14,375:INFO: Epoch: [3][0/8]	Loss 0.044198 (0.044198)
2023-09-19 14:31:14,457:INFO: Epoch: [4][0/8]	Loss 0.042194 (0.042194)
2023-09-19 14:31:14,547:INFO: Epoch: [5][0/8]	Loss 0.041448 (0.041448)
2023-09-19 14:31:14,634:INFO: Epoch: [6][0/8]	Loss 0.041142 (0.041142)
2023-09-19 14:31:14,716:INFO: Epoch: [7][0/8]	Loss 0.040820 (0.040820)
2023-09-19 14:31:14,815:INFO: Epoch: [8][0/8]	Loss 0.040573 (0.040573)
2023-09-19 14:31:14,910:INFO: Epoch: [9][0/8]	Loss 0.040058 (0.040058)
2023-09-19 14:31:14,996:INFO: Epoch: [10][0/8]	Loss 0.039626 (0.039626)
2023-09-19 14:31:15,086:INFO: Epoch: [11][0/8]	Loss 0.038936 (0.038936)
2023-09-19 14:31:15,173:INFO: Epoch: [12][0/8]	Loss 0.038096 (0.038096)
2023-09-19 14:31:15,257:INFO: Epoch: [13][0/8]	Loss 0.036639 (0.036639)
2023-09-19 14:31:15,339:INFO: Epoch: [14][0/8]	Loss 0.040682 (0.040682)
2023-09-19 14:31:15,419:INFO: Epoch: [15][0/8]	Loss 0.041280 (0.041280)
2023-09-19 14:31:15,499:INFO: Epoch: [16][0/8]	Loss 0.039227 (0.039227)
2023-09-19 14:31:15,580:INFO: Epoch: [17][0/8]	Loss 0.040303 (0.040303)
2023-09-19 14:31:15,659:INFO: Epoch: [18][0/8]	Loss 0.040180 (0.040180)
2023-09-19 14:31:15,741:INFO: Epoch: [19][0/8]	Loss 0.040493 (0.040493)
2023-09-19 14:31:15,826:INFO: Epoch: [20][0/8]	Loss 0.040327 (0.040327)
2023-09-19 14:31:15,909:INFO: Epoch: [21][0/8]	Loss 0.040846 (0.040846)
2023-09-19 14:31:15,995:INFO: Epoch: [22][0/8]	Loss 0.041110 (0.041110)
2023-09-19 14:31:16,077:INFO: Epoch: [23][0/8]	Loss 0.040641 (0.040641)
2023-09-19 14:31:16,160:INFO: Epoch: [24][0/8]	Loss 0.039913 (0.039913)
2023-09-19 14:31:16,244:INFO: Epoch: [25][0/8]	Loss 0.039577 (0.039577)
2023-09-19 14:31:16,325:INFO: Epoch: [26][0/8]	Loss 0.040455 (0.040455)
2023-09-19 14:31:16,407:INFO: Epoch: [27][0/8]	Loss 0.038806 (0.038806)
2023-09-19 14:31:16,488:INFO: Epoch: [28][0/8]	Loss 0.039048 (0.039048)
2023-09-19 14:31:16,569:INFO: Epoch: [29][0/8]	Loss 0.038802 (0.038802)
2023-09-19 14:31:16,647:INFO: Epoch: [30][0/8]	Loss 0.038697 (0.038697)
2023-09-19 14:31:16,727:INFO: Epoch: [31][0/8]	Loss 0.039047 (0.039047)
2023-09-19 14:31:16,814:INFO: Epoch: [32][0/8]	Loss 0.038666 (0.038666)
2023-09-19 14:31:16,893:INFO: Epoch: [33][0/8]	Loss 0.037901 (0.037901)
2023-09-19 14:31:16,973:INFO: Epoch: [34][0/8]	Loss 0.038683 (0.038683)
2023-09-19 14:31:17,056:INFO: Epoch: [35][0/8]	Loss 0.038247 (0.038247)
2023-09-19 14:31:17,137:INFO: Epoch: [36][0/8]	Loss 0.038449 (0.038449)
2023-09-19 14:31:17,219:INFO: Epoch: [37][0/8]	Loss 0.038145 (0.038145)
2023-09-19 14:31:17,299:INFO: Epoch: [38][0/8]	Loss 0.037482 (0.037482)
2023-09-19 14:31:17,377:INFO: Epoch: [39][0/8]	Loss 0.037126 (0.037126)
2023-09-19 14:31:17,454:INFO: Epoch: [40][0/8]	Loss 0.037492 (0.037492)
2023-09-19 14:31:17,531:INFO: Epoch: [41][0/8]	Loss 0.036590 (0.036590)
2023-09-19 14:31:17,610:INFO: Epoch: [42][0/8]	Loss 0.038172 (0.038172)
2023-09-19 14:31:17,687:INFO: Epoch: [43][0/8]	Loss 0.036474 (0.036474)
2023-09-19 14:31:17,792:INFO: Epoch: [44][0/8]	Loss 0.037132 (0.037132)
2023-09-19 14:31:17,877:INFO: Epoch: [45][0/8]	Loss 0.036688 (0.036688)
2023-09-19 14:31:17,960:INFO: Epoch: [46][0/8]	Loss 0.036691 (0.036691)
2023-09-19 14:31:18,042:INFO: Epoch: [47][0/8]	Loss 0.036483 (0.036483)
2023-09-19 14:31:18,122:INFO: Epoch: [48][0/8]	Loss 0.037126 (0.037126)
2023-09-19 14:31:18,204:INFO: Epoch: [49][0/8]	Loss 0.037538 (0.037538)
2023-09-19 14:31:18,286:INFO: Epoch: [50][0/8]	Loss 0.037042 (0.037042)
2023-09-19 14:31:18,365:INFO: Epoch: [51][0/8]	Loss 0.036225 (0.036225)
2023-09-19 14:31:18,445:INFO: Epoch: [52][0/8]	Loss 0.036653 (0.036653)
2023-09-19 14:31:18,524:INFO: Epoch: [53][0/8]	Loss 0.036260 (0.036260)
2023-09-19 14:31:18,604:INFO: Epoch: [54][0/8]	Loss 0.036149 (0.036149)
2023-09-19 14:31:18,682:INFO: Epoch: [55][0/8]	Loss 0.036198 (0.036198)
2023-09-19 14:31:18,775:INFO: Epoch: [56][0/8]	Loss 0.036211 (0.036211)
2023-09-19 14:31:18,854:INFO: Epoch: [57][0/8]	Loss 0.035836 (0.035836)
2023-09-19 14:31:18,936:INFO: Epoch: [58][0/8]	Loss 0.035555 (0.035555)
2023-09-19 14:31:19,019:INFO: Epoch: [59][0/8]	Loss 0.035714 (0.035714)
2023-09-19 14:31:19,102:INFO: Epoch: [60][0/8]	Loss 0.036349 (0.036349)
2023-09-19 14:31:19,184:INFO: Epoch: [61][0/8]	Loss 0.036056 (0.036056)
2023-09-19 14:31:19,268:INFO: Epoch: [62][0/8]	Loss 0.035524 (0.035524)
2023-09-19 14:31:19,352:INFO: Epoch: [63][0/8]	Loss 0.035853 (0.035853)
2023-09-19 14:31:19,435:INFO: Epoch: [64][0/8]	Loss 0.035051 (0.035051)
2023-09-19 14:31:19,517:INFO: Epoch: [65][0/8]	Loss 0.035411 (0.035411)
2023-09-19 14:31:19,606:INFO: Epoch: [66][0/8]	Loss 0.035494 (0.035494)
2023-09-19 14:31:19,689:INFO: Epoch: [67][0/8]	Loss 0.034999 (0.034999)
2023-09-19 14:31:19,781:INFO: Epoch: [68][0/8]	Loss 0.035007 (0.035007)
2023-09-19 14:31:19,867:INFO: Epoch: [69][0/8]	Loss 0.034954 (0.034954)
2023-09-19 14:31:19,954:INFO: Epoch: [70][0/8]	Loss 0.034666 (0.034666)
2023-09-19 14:31:20,038:INFO: Epoch: [71][0/8]	Loss 0.034763 (0.034763)
2023-09-19 14:31:20,123:INFO: Epoch: [72][0/8]	Loss 0.035252 (0.035252)
2023-09-19 14:31:20,205:INFO: Epoch: [73][0/8]	Loss 0.034886 (0.034886)
2023-09-19 14:31:20,287:INFO: Epoch: [74][0/8]	Loss 0.035085 (0.035085)
2023-09-19 14:31:20,367:INFO: Epoch: [75][0/8]	Loss 0.034330 (0.034330)
2023-09-19 14:31:20,446:INFO: Epoch: [76][0/8]	Loss 0.034278 (0.034278)
2023-09-19 14:31:20,525:INFO: Epoch: [77][0/8]	Loss 0.034812 (0.034812)
2023-09-19 14:31:20,605:INFO: Epoch: [78][0/8]	Loss 0.034348 (0.034348)
2023-09-19 14:31:20,682:INFO: Epoch: [79][0/8]	Loss 0.034313 (0.034313)
2023-09-19 14:31:20,764:INFO: Epoch: [80][0/8]	Loss 0.034431 (0.034431)
2023-09-19 14:31:20,844:INFO: Epoch: [81][0/8]	Loss 0.034008 (0.034008)
2023-09-19 14:31:20,923:INFO: Epoch: [82][0/8]	Loss 0.034570 (0.034570)
2023-09-19 14:31:21,004:INFO: Epoch: [83][0/8]	Loss 0.034179 (0.034179)
2023-09-19 14:31:21,087:INFO: Epoch: [84][0/8]	Loss 0.034030 (0.034030)
2023-09-19 14:31:21,176:INFO: Epoch: [85][0/8]	Loss 0.034265 (0.034265)
2023-09-19 14:31:21,259:INFO: Epoch: [86][0/8]	Loss 0.034103 (0.034103)
2023-09-19 14:31:21,343:INFO: Epoch: [87][0/8]	Loss 0.034071 (0.034071)
2023-09-19 14:31:21,423:INFO: Epoch: [88][0/8]	Loss 0.034017 (0.034017)
2023-09-19 14:31:21,504:INFO: Epoch: [89][0/8]	Loss 0.034121 (0.034121)
2023-09-19 14:31:21,583:INFO: Epoch: [90][0/8]	Loss 0.034341 (0.034341)
2023-09-19 14:31:21,661:INFO: Epoch: [91][0/8]	Loss 0.033438 (0.033438)
2023-09-19 14:31:21,741:INFO: Epoch: [92][0/8]	Loss 0.033928 (0.033928)
2023-09-19 14:31:21,822:INFO: Epoch: [93][0/8]	Loss 0.033371 (0.033371)
2023-09-19 14:31:21,904:INFO: Epoch: [94][0/8]	Loss 0.033661 (0.033661)
2023-09-19 14:31:21,988:INFO: Epoch: [95][0/8]	Loss 0.033748 (0.033748)
2023-09-19 14:31:22,071:INFO: Epoch: [96][0/8]	Loss 0.033345 (0.033345)
2023-09-19 14:31:22,154:INFO: Epoch: [97][0/8]	Loss 0.033831 (0.033831)
2023-09-19 14:31:22,237:INFO: Epoch: [98][0/8]	Loss 0.033918 (0.033918)
2023-09-19 14:31:22,320:INFO: Epoch: [99][0/8]	Loss 0.033684 (0.033684)
2023-09-19 14:31:22,401:INFO: Epoch: [100][0/8]	Loss 0.033858 (0.033858)
2023-09-19 14:31:22,491:INFO: Epoch: [101][0/8]	Loss 0.033574 (0.033574)
2023-09-19 14:31:22,571:INFO: Epoch: [102][0/8]	Loss 0.033622 (0.033622)
2023-09-19 14:31:22,649:INFO: Epoch: [103][0/8]	Loss 0.033331 (0.033331)
2023-09-19 14:31:22,730:INFO: Epoch: [104][0/8]	Loss 0.033804 (0.033804)
2023-09-19 14:31:22,810:INFO: Epoch: [105][0/8]	Loss 0.033599 (0.033599)
2023-09-19 14:31:22,890:INFO: Epoch: [106][0/8]	Loss 0.033624 (0.033624)
2023-09-19 14:31:22,971:INFO: Epoch: [107][0/8]	Loss 0.033820 (0.033820)
2023-09-19 14:31:23,052:INFO: Epoch: [108][0/8]	Loss 0.033426 (0.033426)
2023-09-19 14:31:23,136:INFO: Epoch: [109][0/8]	Loss 0.033590 (0.033590)
2023-09-19 14:31:23,219:INFO: Epoch: [110][0/8]	Loss 0.033623 (0.033623)
2023-09-19 14:31:23,303:INFO: Epoch: [111][0/8]	Loss 0.033534 (0.033534)
2023-09-19 14:31:23,384:INFO: Epoch: [112][0/8]	Loss 0.033223 (0.033223)
2023-09-19 14:31:23,465:INFO: Epoch: [113][0/8]	Loss 0.033550 (0.033550)
2023-09-19 14:31:23,546:INFO: Epoch: [114][0/8]	Loss 0.033436 (0.033436)
2023-09-19 14:31:23,627:INFO: Epoch: [115][0/8]	Loss 0.033251 (0.033251)
2023-09-19 14:31:23,706:INFO: Epoch: [116][0/8]	Loss 0.033375 (0.033375)
2023-09-19 14:31:23,785:INFO: Epoch: [117][0/8]	Loss 0.033193 (0.033193)
2023-09-19 14:31:23,866:INFO: Epoch: [118][0/8]	Loss 0.033450 (0.033450)
2023-09-19 14:31:23,940:INFO: Epoch: [119][0/8]	Loss 0.033669 (0.033669)
2023-09-19 14:31:24,015:INFO: Epoch: [120][0/8]	Loss 0.033037 (0.033037)
2023-09-19 14:31:24,091:INFO: Epoch: [121][0/8]	Loss 0.032988 (0.032988)
2023-09-19 14:31:24,165:INFO: Epoch: [122][0/8]	Loss 0.033418 (0.033418)
2023-09-19 14:31:24,239:INFO: Epoch: [123][0/8]	Loss 0.033120 (0.033120)
2023-09-19 14:31:24,312:INFO: Epoch: [124][0/8]	Loss 0.033263 (0.033263)
2023-09-19 14:31:24,384:INFO: Epoch: [125][0/8]	Loss 0.033370 (0.033370)
2023-09-19 14:31:24,454:INFO: Epoch: [126][0/8]	Loss 0.033277 (0.033277)
2023-09-19 14:31:24,524:INFO: Epoch: [127][0/8]	Loss 0.033421 (0.033421)
2023-09-19 14:31:24,597:INFO: Epoch: [128][0/8]	Loss 0.033071 (0.033071)
2023-09-19 14:31:24,674:INFO: Epoch: [129][0/8]	Loss 0.032744 (0.032744)
2023-09-19 14:31:24,756:INFO: Epoch: [130][0/8]	Loss 0.033377 (0.033377)
2023-09-19 14:31:24,843:INFO: Epoch: [131][0/8]	Loss 0.032721 (0.032721)
2023-09-19 14:31:24,928:INFO: Epoch: [132][0/8]	Loss 0.033483 (0.033483)
2023-09-19 14:31:25,009:INFO: Epoch: [133][0/8]	Loss 0.033390 (0.033390)
2023-09-19 14:31:25,087:INFO: Epoch: [134][0/8]	Loss 0.032933 (0.032933)
2023-09-19 14:31:25,166:INFO: Epoch: [135][0/8]	Loss 0.033236 (0.033236)
2023-09-19 14:31:25,248:INFO: Epoch: [136][0/8]	Loss 0.032883 (0.032883)
2023-09-19 14:31:25,324:INFO: Epoch: [137][0/8]	Loss 0.033068 (0.033068)
2023-09-19 14:31:25,397:INFO: Epoch: [138][0/8]	Loss 0.032814 (0.032814)
2023-09-19 14:31:25,488:INFO: Epoch: [139][0/8]	Loss 0.033103 (0.033103)
2023-09-19 14:31:25,562:INFO: Epoch: [140][0/8]	Loss 0.032970 (0.032970)
2023-09-19 14:31:25,635:INFO: Epoch: [141][0/8]	Loss 0.032901 (0.032901)
2023-09-19 14:31:25,708:INFO: Epoch: [142][0/8]	Loss 0.032961 (0.032961)
2023-09-19 14:31:25,788:INFO: Epoch: [143][0/8]	Loss 0.032996 (0.032996)
2023-09-19 14:31:25,863:INFO: Epoch: [144][0/8]	Loss 0.033002 (0.033002)
2023-09-19 14:31:25,938:INFO: Epoch: [145][0/8]	Loss 0.033174 (0.033174)
2023-09-19 14:31:26,012:INFO: Epoch: [146][0/8]	Loss 0.033020 (0.033020)
2023-09-19 14:31:26,109:INFO: Epoch: [147][0/8]	Loss 0.032734 (0.032734)
2023-09-19 14:31:26,188:INFO: Epoch: [148][0/8]	Loss 0.033126 (0.033126)
2023-09-19 14:31:26,266:INFO: Epoch: [149][0/8]	Loss 0.033020 (0.033020)
2023-09-19 14:31:26,341:INFO: Epoch: [150][0/8]	Loss 0.033052 (0.033052)
2023-09-19 14:31:26,414:INFO:  * ADE  0.259 FDE  0.483
2023-09-19 14:31:26,432:INFO: -------------- lower ade ----------------
2023-09-19 14:31:26,443:INFO: Epoch: [151][0/8]	Loss 0.032777 (0.032777)
2023-09-19 14:31:26,515:INFO:  * ADE  0.261 FDE  0.494
2023-09-19 14:31:26,529:INFO: Epoch: [152][0/8]	Loss 0.033339 (0.033339)
2023-09-19 14:31:26,603:INFO:  * ADE  0.258 FDE  0.481
2023-09-19 14:31:26,608:INFO: -------------- lower ade ----------------
2023-09-19 14:31:26,623:INFO: Epoch: [153][0/8]	Loss 0.032994 (0.032994)
2023-09-19 14:31:26,695:INFO:  * ADE  0.258 FDE  0.486
2023-09-19 14:31:26,709:INFO: Epoch: [154][0/8]	Loss 0.033030 (0.033030)
2023-09-19 14:31:26,787:INFO:  * ADE  0.254 FDE  0.480
2023-09-19 14:31:26,792:INFO: -------------- lower ade ----------------
2023-09-19 14:31:26,805:INFO: Epoch: [155][0/8]	Loss 0.032535 (0.032535)
2023-09-19 14:31:26,881:INFO:  * ADE  0.262 FDE  0.500
2023-09-19 14:31:26,897:INFO: Epoch: [156][0/8]	Loss 0.032922 (0.032922)
2023-09-19 14:31:26,972:INFO:  * ADE  0.254 FDE  0.482
2023-09-19 14:31:26,986:INFO: Epoch: [157][0/8]	Loss 0.033161 (0.033161)
2023-09-19 14:31:27,061:INFO:  * ADE  0.262 FDE  0.500
2023-09-19 14:31:27,075:INFO: Epoch: [158][0/8]	Loss 0.032976 (0.032976)
2023-09-19 14:31:27,150:INFO:  * ADE  0.252 FDE  0.479
2023-09-19 14:31:27,155:INFO: -------------- lower ade ----------------
2023-09-19 14:31:27,167:INFO: Epoch: [159][0/8]	Loss 0.033038 (0.033038)
2023-09-19 14:31:27,244:INFO:  * ADE  0.256 FDE  0.490
2023-09-19 14:31:27,259:INFO: Epoch: [160][0/8]	Loss 0.032644 (0.032644)
2023-09-19 14:31:27,334:INFO:  * ADE  0.260 FDE  0.492
2023-09-19 14:31:27,348:INFO: Epoch: [161][0/8]	Loss 0.032746 (0.032746)
2023-09-19 14:31:27,421:INFO:  * ADE  0.258 FDE  0.486
2023-09-19 14:31:27,435:INFO: Epoch: [162][0/8]	Loss 0.033012 (0.033012)
2023-09-19 14:31:27,508:INFO:  * ADE  0.252 FDE  0.479
2023-09-19 14:31:27,522:INFO: Epoch: [163][0/8]	Loss 0.033173 (0.033173)
2023-09-19 14:31:27,598:INFO:  * ADE  0.263 FDE  0.501
2023-09-19 14:31:27,612:INFO: Epoch: [164][0/8]	Loss 0.032600 (0.032600)
2023-09-19 14:31:27,684:INFO:  * ADE  0.255 FDE  0.479
2023-09-19 14:31:27,706:INFO: Epoch: [165][0/8]	Loss 0.032853 (0.032853)
2023-09-19 14:31:27,791:INFO:  * ADE  0.257 FDE  0.490
2023-09-19 14:31:27,806:INFO: Epoch: [166][0/8]	Loss 0.032877 (0.032877)
2023-09-19 14:31:27,884:INFO:  * ADE  0.254 FDE  0.482
2023-09-19 14:31:27,899:INFO: Epoch: [167][0/8]	Loss 0.032867 (0.032867)
2023-09-19 14:31:27,983:INFO:  * ADE  0.252 FDE  0.478
2023-09-19 14:31:27,988:INFO: -------------- lower ade ----------------
2023-09-19 14:31:28,001:INFO: Epoch: [168][0/8]	Loss 0.033084 (0.033084)
2023-09-19 14:31:28,083:INFO:  * ADE  0.256 FDE  0.486
2023-09-19 14:31:28,099:INFO: Epoch: [169][0/8]	Loss 0.032658 (0.032658)
2023-09-19 14:31:28,181:INFO:  * ADE  0.262 FDE  0.497
2023-09-19 14:31:28,197:INFO: Epoch: [170][0/8]	Loss 0.033044 (0.033044)
2023-09-19 14:31:28,278:INFO:  * ADE  0.257 FDE  0.489
2023-09-19 14:31:28,293:INFO: Epoch: [171][0/8]	Loss 0.032663 (0.032663)
2023-09-19 14:31:28,372:INFO:  * ADE  0.255 FDE  0.485
2023-09-19 14:31:28,387:INFO: Epoch: [172][0/8]	Loss 0.032964 (0.032964)
2023-09-19 14:31:28,465:INFO:  * ADE  0.256 FDE  0.487
2023-09-19 14:31:28,479:INFO: Epoch: [173][0/8]	Loss 0.032774 (0.032774)
2023-09-19 14:31:28,555:INFO:  * ADE  0.257 FDE  0.489
2023-09-19 14:31:28,569:INFO: Epoch: [174][0/8]	Loss 0.032808 (0.032808)
2023-09-19 14:31:28,642:INFO:  * ADE  0.256 FDE  0.490
2023-09-19 14:31:28,655:INFO: Epoch: [175][0/8]	Loss 0.032782 (0.032782)
2023-09-19 14:31:28,728:INFO:  * ADE  0.259 FDE  0.492
2023-09-19 14:31:28,744:INFO: Epoch: [176][0/8]	Loss 0.032824 (0.032824)
2023-09-19 14:31:28,819:INFO:  * ADE  0.259 FDE  0.495
2023-09-19 14:31:28,834:INFO: Epoch: [177][0/8]	Loss 0.032541 (0.032541)
2023-09-19 14:31:28,908:INFO:  * ADE  0.253 FDE  0.478
2023-09-19 14:31:28,923:INFO: Epoch: [178][0/8]	Loss 0.032985 (0.032985)
2023-09-19 14:31:29,000:INFO:  * ADE  0.258 FDE  0.491
2023-09-19 14:31:29,015:INFO: Epoch: [179][0/8]	Loss 0.032587 (0.032587)
2023-09-19 14:31:29,091:INFO:  * ADE  0.260 FDE  0.497
2023-09-19 14:31:29,105:INFO: Epoch: [180][0/8]	Loss 0.032640 (0.032640)
2023-09-19 14:31:29,182:INFO:  * ADE  0.254 FDE  0.480
2023-09-19 14:31:29,197:INFO: Epoch: [181][0/8]	Loss 0.032903 (0.032903)
2023-09-19 14:31:29,275:INFO:  * ADE  0.259 FDE  0.491
2023-09-19 14:31:29,291:INFO: Epoch: [182][0/8]	Loss 0.032724 (0.032724)
2023-09-19 14:31:29,368:INFO:  * ADE  0.260 FDE  0.496
2023-09-19 14:31:29,383:INFO: Epoch: [183][0/8]	Loss 0.032818 (0.032818)
2023-09-19 14:31:29,457:INFO:  * ADE  0.258 FDE  0.493
2023-09-19 14:31:29,473:INFO: Epoch: [184][0/8]	Loss 0.032938 (0.032938)
2023-09-19 14:31:29,546:INFO:  * ADE  0.264 FDE  0.505
2023-09-19 14:31:29,560:INFO: Epoch: [185][0/8]	Loss 0.032573 (0.032573)
2023-09-19 14:31:29,631:INFO:  * ADE  0.268 FDE  0.505
2023-09-19 14:31:29,644:INFO: Epoch: [186][0/8]	Loss 0.032986 (0.032986)
2023-09-19 14:31:29,716:INFO:  * ADE  0.267 FDE  0.515
2023-09-19 14:31:29,730:INFO: Epoch: [187][0/8]	Loss 0.032874 (0.032874)
2023-09-19 14:31:29,805:INFO:  * ADE  0.261 FDE  0.499
2023-09-19 14:31:29,819:INFO: Epoch: [188][0/8]	Loss 0.032868 (0.032868)
2023-09-19 14:31:29,893:INFO:  * ADE  0.260 FDE  0.493
2023-09-19 14:31:29,909:INFO: Epoch: [189][0/8]	Loss 0.032537 (0.032537)
2023-09-19 14:31:29,983:INFO:  * ADE  0.270 FDE  0.519
2023-09-19 14:31:29,998:INFO: Epoch: [190][0/8]	Loss 0.032729 (0.032729)
2023-09-19 14:31:30,075:INFO:  * ADE  0.261 FDE  0.496
2023-09-19 14:31:30,090:INFO: Epoch: [191][0/8]	Loss 0.032653 (0.032653)
2023-09-19 14:31:30,167:INFO:  * ADE  0.267 FDE  0.512
2023-09-19 14:31:30,182:INFO: Epoch: [192][0/8]	Loss 0.032646 (0.032646)
2023-09-19 14:31:30,259:INFO:  * ADE  0.261 FDE  0.496
2023-09-19 14:31:30,274:INFO: Epoch: [193][0/8]	Loss 0.032878 (0.032878)
2023-09-19 14:31:30,348:INFO:  * ADE  0.266 FDE  0.515
2023-09-19 14:31:30,363:INFO: Epoch: [194][0/8]	Loss 0.032619 (0.032619)
2023-09-19 14:31:30,437:INFO:  * ADE  0.266 FDE  0.507
2023-09-19 14:31:30,452:INFO: Epoch: [195][0/8]	Loss 0.032743 (0.032743)
2023-09-19 14:31:30,525:INFO:  * ADE  0.260 FDE  0.497
2023-09-19 14:31:30,539:INFO: Epoch: [196][0/8]	Loss 0.032823 (0.032823)
2023-09-19 14:31:30,613:INFO:  * ADE  0.277 FDE  0.537
2023-09-19 14:31:30,628:INFO: Epoch: [197][0/8]	Loss 0.032837 (0.032837)
2023-09-19 14:31:30,701:INFO:  * ADE  0.267 FDE  0.502
2023-09-19 14:31:30,716:INFO: Epoch: [198][0/8]	Loss 0.032417 (0.032417)
2023-09-19 14:31:30,792:INFO:  * ADE  0.266 FDE  0.509
2023-09-19 14:31:30,808:INFO: Epoch: [199][0/8]	Loss 0.032542 (0.032542)
2023-09-19 14:31:30,882:INFO:  * ADE  0.265 FDE  0.503
2023-09-19 14:31:30,896:INFO: Epoch: [200][0/8]	Loss 0.032560 (0.032560)
2023-09-19 14:31:30,971:INFO:  * ADE  0.268 FDE  0.515
2023-09-19 14:31:30,986:INFO: Epoch: [201][0/8]	Loss 0.032534 (0.032534)
2023-09-19 14:31:31,062:INFO:  * ADE  0.272 FDE  0.519
2023-09-19 14:31:31,076:INFO: Epoch: [202][0/8]	Loss 0.032194 (0.032194)
2023-09-19 14:31:31,153:INFO:  * ADE  0.261 FDE  0.504
2023-09-19 14:31:31,167:INFO: Epoch: [203][0/8]	Loss 0.032387 (0.032387)
2023-09-19 14:31:31,243:INFO:  * ADE  0.279 FDE  0.539
2023-09-19 14:31:31,257:INFO: Epoch: [204][0/8]	Loss 0.032136 (0.032136)
2023-09-19 14:31:31,334:INFO:  * ADE  0.262 FDE  0.502
2023-09-19 14:31:31,348:INFO: Epoch: [205][0/8]	Loss 0.032218 (0.032218)
2023-09-19 14:31:31,422:INFO:  * ADE  0.265 FDE  0.510
2023-09-19 14:31:31,437:INFO: Epoch: [206][0/8]	Loss 0.032164 (0.032164)
2023-09-19 14:31:31,514:INFO:  * ADE  0.260 FDE  0.499
2023-09-19 14:31:31,528:INFO: Epoch: [207][0/8]	Loss 0.032504 (0.032504)
2023-09-19 14:31:31,602:INFO:  * ADE  0.270 FDE  0.513
2023-09-19 14:31:31,617:INFO: Epoch: [208][0/8]	Loss 0.032520 (0.032520)
2023-09-19 14:31:31,691:INFO:  * ADE  0.267 FDE  0.515
2023-09-19 14:31:31,707:INFO: Epoch: [209][0/8]	Loss 0.032563 (0.032563)
2023-09-19 14:31:31,783:INFO:  * ADE  0.271 FDE  0.521
2023-09-19 14:31:31,797:INFO: Epoch: [210][0/8]	Loss 0.032374 (0.032374)
2023-09-19 14:31:31,869:INFO:  * ADE  0.266 FDE  0.515
2023-09-19 14:31:31,884:INFO: Epoch: [211][0/8]	Loss 0.032305 (0.032305)
2023-09-19 14:31:31,959:INFO:  * ADE  0.263 FDE  0.502
2023-09-19 14:31:31,974:INFO: Epoch: [212][0/8]	Loss 0.032498 (0.032498)
2023-09-19 14:31:32,054:INFO:  * ADE  0.266 FDE  0.512
2023-09-19 14:31:32,068:INFO: Epoch: [213][0/8]	Loss 0.032240 (0.032240)
2023-09-19 14:31:32,145:INFO:  * ADE  0.268 FDE  0.512
2023-09-19 14:31:32,160:INFO: Epoch: [214][0/8]	Loss 0.032635 (0.032635)
2023-09-19 14:31:32,237:INFO:  * ADE  0.268 FDE  0.517
2023-09-19 14:31:32,252:INFO: Epoch: [215][0/8]	Loss 0.032331 (0.032331)
2023-09-19 14:31:32,327:INFO:  * ADE  0.269 FDE  0.514
2023-09-19 14:31:32,341:INFO: Epoch: [216][0/8]	Loss 0.032031 (0.032031)
2023-09-19 14:31:32,419:INFO:  * ADE  0.259 FDE  0.497
2023-09-19 14:31:32,434:INFO: Epoch: [217][0/8]	Loss 0.032558 (0.032558)
2023-09-19 14:31:32,508:INFO:  * ADE  0.287 FDE  0.552
2023-09-19 14:31:32,522:INFO: Epoch: [218][0/8]	Loss 0.032193 (0.032193)
2023-09-19 14:31:32,599:INFO:  * ADE  0.268 FDE  0.511
2023-09-19 14:31:32,612:INFO: Epoch: [219][0/8]	Loss 0.032592 (0.032592)
2023-09-19 14:31:32,684:INFO:  * ADE  0.279 FDE  0.538
2023-09-19 14:31:32,699:INFO: Epoch: [220][0/8]	Loss 0.032400 (0.032400)
2023-09-19 14:31:32,773:INFO:  * ADE  0.270 FDE  0.517
2023-09-19 14:31:32,787:INFO: Epoch: [221][0/8]	Loss 0.031889 (0.031889)
2023-09-19 14:31:32,866:INFO:  * ADE  0.259 FDE  0.493
2023-09-19 14:31:32,882:INFO: Epoch: [222][0/8]	Loss 0.032438 (0.032438)
2023-09-19 14:31:32,961:INFO:  * ADE  0.290 FDE  0.560
2023-09-19 14:31:32,977:INFO: Epoch: [223][0/8]	Loss 0.032528 (0.032528)
2023-09-19 14:31:33,055:INFO:  * ADE  0.264 FDE  0.504
2023-09-19 14:31:33,071:INFO: Epoch: [224][0/8]	Loss 0.032573 (0.032573)
2023-09-19 14:31:33,150:INFO:  * ADE  0.280 FDE  0.539
2023-09-19 14:31:33,165:INFO: Epoch: [225][0/8]	Loss 0.032592 (0.032592)
2023-09-19 14:31:33,243:INFO:  * ADE  0.273 FDE  0.528
2023-09-19 14:31:33,258:INFO: Epoch: [226][0/8]	Loss 0.032003 (0.032003)
2023-09-19 14:31:33,336:INFO:  * ADE  0.266 FDE  0.515
2023-09-19 14:31:33,351:INFO: Epoch: [227][0/8]	Loss 0.032135 (0.032135)
2023-09-19 14:31:33,430:INFO:  * ADE  0.282 FDE  0.547
2023-09-19 14:31:33,445:INFO: Epoch: [228][0/8]	Loss 0.032805 (0.032805)
2023-09-19 14:31:33,521:INFO:  * ADE  0.271 FDE  0.520
2023-09-19 14:31:33,535:INFO: Epoch: [229][0/8]	Loss 0.032035 (0.032035)
2023-09-19 14:31:33,610:INFO:  * ADE  0.281 FDE  0.547
2023-09-19 14:31:33,624:INFO: Epoch: [230][0/8]	Loss 0.032306 (0.032306)
2023-09-19 14:31:33,700:INFO:  * ADE  0.263 FDE  0.507
2023-09-19 14:31:33,715:INFO: Epoch: [231][0/8]	Loss 0.032616 (0.032616)
2023-09-19 14:31:33,791:INFO:  * ADE  0.281 FDE  0.546
2023-09-19 14:31:33,806:INFO: Epoch: [232][0/8]	Loss 0.031943 (0.031943)
2023-09-19 14:31:33,880:INFO:  * ADE  0.275 FDE  0.530
2023-09-19 14:31:33,894:INFO: Epoch: [233][0/8]	Loss 0.031860 (0.031860)
2023-09-19 14:31:33,969:INFO:  * ADE  0.263 FDE  0.501
2023-09-19 14:31:33,983:INFO: Epoch: [234][0/8]	Loss 0.032577 (0.032577)
2023-09-19 14:31:34,058:INFO:  * ADE  0.303 FDE  0.598
2023-09-19 14:31:34,073:INFO: Epoch: [235][0/8]	Loss 0.031823 (0.031823)
2023-09-19 14:31:34,147:INFO:  * ADE  0.270 FDE  0.520
2023-09-19 14:31:34,162:INFO: Epoch: [236][0/8]	Loss 0.031828 (0.031828)
2023-09-19 14:31:34,237:INFO:  * ADE  0.303 FDE  0.590
2023-09-19 14:31:34,252:INFO: Epoch: [237][0/8]	Loss 0.032224 (0.032224)
2023-09-19 14:31:34,348:INFO:  * ADE  0.265 FDE  0.516
2023-09-19 14:31:34,364:INFO: Epoch: [238][0/8]	Loss 0.032039 (0.032039)
2023-09-19 14:31:34,447:INFO:  * ADE  0.271 FDE  0.516
2023-09-19 14:31:34,462:INFO: Epoch: [239][0/8]	Loss 0.032460 (0.032460)
2023-09-19 14:31:34,542:INFO:  * ADE  0.301 FDE  0.585
2023-09-19 14:31:34,558:INFO: Epoch: [240][0/8]	Loss 0.032296 (0.032296)
2023-09-19 14:31:34,639:INFO:  * ADE  0.281 FDE  0.524
2023-09-19 14:31:34,654:INFO: Epoch: [241][0/8]	Loss 0.033339 (0.033339)
2023-09-19 14:31:34,747:INFO:  * ADE  0.343 FDE  0.681
2023-09-19 14:31:34,766:INFO: Epoch: [242][0/8]	Loss 0.032107 (0.032107)
2023-09-19 14:31:34,852:INFO:  * ADE  0.288 FDE  0.538
2023-09-19 14:31:34,870:INFO: Epoch: [243][0/8]	Loss 0.032381 (0.032381)
2023-09-19 14:31:34,960:INFO:  * ADE  0.318 FDE  0.623
2023-09-19 14:31:34,977:INFO: Epoch: [244][0/8]	Loss 0.031662 (0.031662)
2023-09-19 14:31:35,065:INFO:  * ADE  0.276 FDE  0.534
2023-09-19 14:31:35,083:INFO: Epoch: [245][0/8]	Loss 0.032564 (0.032564)
2023-09-19 14:31:35,172:INFO:  * ADE  0.269 FDE  0.513
2023-09-19 14:31:35,190:INFO: Epoch: [246][0/8]	Loss 0.032389 (0.032389)
2023-09-19 14:31:35,291:INFO:  * ADE  0.332 FDE  0.664
2023-09-19 14:31:35,310:INFO: Epoch: [247][0/8]	Loss 0.032021 (0.032021)
2023-09-19 14:31:35,407:INFO:  * ADE  0.282 FDE  0.535
2023-09-19 14:31:35,430:INFO: Epoch: [248][0/8]	Loss 0.032500 (0.032500)
2023-09-19 14:31:35,533:INFO:  * ADE  0.320 FDE  0.630
2023-09-19 14:31:35,552:INFO: Epoch: [249][0/8]	Loss 0.032001 (0.032001)
2023-09-19 14:31:35,642:INFO:  * ADE  0.267 FDE  0.526
2023-09-19 14:31:35,659:INFO: Epoch: [250][0/8]	Loss 0.031405 (0.031405)
2023-09-19 14:31:35,747:INFO:  * ADE  0.269 FDE  0.510
2023-09-19 14:31:35,764:INFO: Epoch: [251][0/8]	Loss 0.032327 (0.032327)
2023-09-19 14:31:35,848:INFO:  * ADE  0.315 FDE  0.623
2023-09-19 14:31:35,864:INFO: Epoch: [252][0/8]	Loss 0.032014 (0.032014)
2023-09-19 14:31:35,950:INFO:  * ADE  0.263 FDE  0.499
2023-09-19 14:31:35,965:INFO: Epoch: [253][0/8]	Loss 0.032678 (0.032678)
2023-09-19 14:31:36,048:INFO:  * ADE  0.315 FDE  0.617
2023-09-19 14:31:36,065:INFO: Epoch: [254][0/8]	Loss 0.032405 (0.032405)
2023-09-19 14:31:36,152:INFO:  * ADE  0.261 FDE  0.501
2023-09-19 14:31:36,167:INFO: Epoch: [255][0/8]	Loss 0.032334 (0.032334)
2023-09-19 14:31:36,252:INFO:  * ADE  0.285 FDE  0.554
2023-09-19 14:31:36,266:INFO: Epoch: [256][0/8]	Loss 0.031733 (0.031733)
2023-09-19 14:31:36,345:INFO:  * ADE  0.282 FDE  0.549
2023-09-19 14:31:36,360:INFO: Epoch: [257][0/8]	Loss 0.031719 (0.031719)
2023-09-19 14:31:36,438:INFO:  * ADE  0.261 FDE  0.500
2023-09-19 14:31:36,455:INFO: Epoch: [258][0/8]	Loss 0.032111 (0.032111)
2023-09-19 14:31:36,534:INFO:  * ADE  0.303 FDE  0.602
2023-09-19 14:31:36,549:INFO: Epoch: [259][0/8]	Loss 0.031968 (0.031968)
2023-09-19 14:31:36,625:INFO:  * ADE  0.267 FDE  0.512
2023-09-19 14:31:36,640:INFO: Epoch: [260][0/8]	Loss 0.032127 (0.032127)
2023-09-19 14:31:36,715:INFO:  * ADE  0.288 FDE  0.559
2023-09-19 14:31:36,729:INFO: Epoch: [261][0/8]	Loss 0.031947 (0.031947)
2023-09-19 14:31:36,803:INFO:  * ADE  0.278 FDE  0.544
2023-09-19 14:31:36,818:INFO: Epoch: [262][0/8]	Loss 0.031686 (0.031686)
2023-09-19 14:31:36,893:INFO:  * ADE  0.264 FDE  0.510
2023-09-19 14:31:36,909:INFO: Epoch: [263][0/8]	Loss 0.032330 (0.032330)
2023-09-19 14:31:36,987:INFO:  * ADE  0.316 FDE  0.626
2023-09-19 14:31:37,001:INFO: Epoch: [264][0/8]	Loss 0.031944 (0.031944)
2023-09-19 14:31:37,101:INFO:  * ADE  0.274 FDE  0.513
2023-09-19 14:31:37,119:INFO: Epoch: [265][0/8]	Loss 0.033039 (0.033039)
2023-09-19 14:31:37,222:INFO:  * ADE  0.316 FDE  0.626
2023-09-19 14:31:37,244:INFO: Epoch: [266][0/8]	Loss 0.031735 (0.031735)
2023-09-19 14:31:37,347:INFO:  * ADE  0.267 FDE  0.516
2023-09-19 14:31:37,372:INFO: Epoch: [267][0/8]	Loss 0.032512 (0.032512)
2023-09-19 14:31:37,492:INFO:  * ADE  0.276 FDE  0.534
2023-09-19 14:31:37,509:INFO: Epoch: [268][0/8]	Loss 0.031687 (0.031687)
2023-09-19 14:31:37,603:INFO:  * ADE  0.295 FDE  0.582
2023-09-19 14:31:37,621:INFO: Epoch: [269][0/8]	Loss 0.031390 (0.031390)
2023-09-19 14:31:37,710:INFO:  * ADE  0.271 FDE  0.522
2023-09-19 14:31:37,733:INFO: Epoch: [270][0/8]	Loss 0.031677 (0.031677)
2023-09-19 14:31:37,826:INFO:  * ADE  0.282 FDE  0.558
2023-09-19 14:31:37,844:INFO: Epoch: [271][0/8]	Loss 0.032002 (0.032002)
2023-09-19 14:31:37,933:INFO:  * ADE  0.270 FDE  0.528
2023-09-19 14:31:37,950:INFO: Epoch: [272][0/8]	Loss 0.032389 (0.032389)
2023-09-19 14:31:38,038:INFO:  * ADE  0.283 FDE  0.559
2023-09-19 14:31:38,055:INFO: Epoch: [273][0/8]	Loss 0.031357 (0.031357)
2023-09-19 14:31:38,141:INFO:  * ADE  0.269 FDE  0.525
2023-09-19 14:31:38,157:INFO: Epoch: [274][0/8]	Loss 0.031293 (0.031293)
2023-09-19 14:31:38,241:INFO:  * ADE  0.273 FDE  0.529
2023-09-19 14:31:38,257:INFO: Epoch: [275][0/8]	Loss 0.032070 (0.032070)
2023-09-19 14:31:38,342:INFO:  * ADE  0.281 FDE  0.549
2023-09-19 14:31:38,357:INFO: Epoch: [276][0/8]	Loss 0.031431 (0.031431)
2023-09-19 14:31:38,442:INFO:  * ADE  0.292 FDE  0.579
2023-09-19 14:31:38,457:INFO: Epoch: [277][0/8]	Loss 0.032093 (0.032093)
2023-09-19 14:31:38,542:INFO:  * ADE  0.260 FDE  0.508
2023-09-19 14:31:38,558:INFO: Epoch: [278][0/8]	Loss 0.032348 (0.032348)
2023-09-19 14:31:38,644:INFO:  * ADE  0.302 FDE  0.605
2023-09-19 14:31:38,660:INFO: Epoch: [279][0/8]	Loss 0.031249 (0.031249)
2023-09-19 14:31:38,744:INFO:  * ADE  0.265 FDE  0.514
2023-09-19 14:31:38,759:INFO: Epoch: [280][0/8]	Loss 0.032260 (0.032260)
2023-09-19 14:31:38,841:INFO:  * ADE  0.292 FDE  0.576
2023-09-19 14:31:38,857:INFO: Epoch: [281][0/8]	Loss 0.031118 (0.031118)
2023-09-19 14:31:38,940:INFO:  * ADE  0.277 FDE  0.548
2023-09-19 14:31:38,955:INFO: Epoch: [282][0/8]	Loss 0.031536 (0.031536)
2023-09-19 14:31:39,038:INFO:  * ADE  0.261 FDE  0.504
2023-09-19 14:31:39,053:INFO: Epoch: [283][0/8]	Loss 0.031975 (0.031975)
2023-09-19 14:31:39,138:INFO:  * ADE  0.325 FDE  0.652
2023-09-19 14:31:39,154:INFO: Epoch: [284][0/8]	Loss 0.030887 (0.030887)
2023-09-19 14:31:39,241:INFO:  * ADE  0.271 FDE  0.514
2023-09-19 14:31:39,257:INFO: Epoch: [285][0/8]	Loss 0.032132 (0.032132)
2023-09-19 14:31:39,341:INFO:  * ADE  0.329 FDE  0.646
2023-09-19 14:31:39,357:INFO: Epoch: [286][0/8]	Loss 0.031439 (0.031439)
2023-09-19 14:31:39,444:INFO:  * ADE  0.280 FDE  0.551
2023-09-19 14:31:39,458:INFO: Epoch: [287][0/8]	Loss 0.031745 (0.031745)
2023-09-19 14:31:39,544:INFO:  * ADE  0.266 FDE  0.518
2023-09-19 14:31:39,563:INFO: Epoch: [288][0/8]	Loss 0.031540 (0.031540)
2023-09-19 14:31:39,655:INFO:  * ADE  0.320 FDE  0.640
2023-09-19 14:31:39,670:INFO: Epoch: [289][0/8]	Loss 0.031164 (0.031164)
2023-09-19 14:31:39,751:INFO:  * ADE  0.268 FDE  0.513
2023-09-19 14:31:39,770:INFO: Epoch: [290][0/8]	Loss 0.032507 (0.032507)
2023-09-19 14:31:39,850:INFO:  * ADE  0.332 FDE  0.661
2023-09-19 14:31:39,865:INFO: Epoch: [291][0/8]	Loss 0.031062 (0.031062)
2023-09-19 14:31:39,946:INFO:  * ADE  0.271 FDE  0.534
2023-09-19 14:31:39,961:INFO: Epoch: [292][0/8]	Loss 0.031788 (0.031788)
2023-09-19 14:31:40,048:INFO:  * ADE  0.281 FDE  0.548
2023-09-19 14:31:40,068:INFO: Epoch: [293][0/8]	Loss 0.031478 (0.031478)
2023-09-19 14:31:40,159:INFO:  * ADE  0.288 FDE  0.577
2023-09-19 14:31:40,175:INFO: Epoch: [294][0/8]	Loss 0.031385 (0.031385)
2023-09-19 14:31:40,266:INFO:  * ADE  0.265 FDE  0.513
2023-09-19 14:31:40,283:INFO: Epoch: [295][0/8]	Loss 0.032413 (0.032413)
2023-09-19 14:31:40,369:INFO:  * ADE  0.291 FDE  0.583
2023-09-19 14:31:40,390:INFO: Epoch: [296][0/8]	Loss 0.031612 (0.031612)
2023-09-19 14:31:40,491:INFO:  * ADE  0.284 FDE  0.558
2023-09-19 14:31:40,511:INFO: Epoch: [297][0/8]	Loss 0.031468 (0.031468)
2023-09-19 14:31:40,612:INFO:  * ADE  0.274 FDE  0.540
2023-09-19 14:31:40,632:INFO: Epoch: [298][0/8]	Loss 0.031454 (0.031454)
2023-09-19 14:31:40,727:INFO:  * ADE  0.294 FDE  0.593
2023-09-19 14:31:40,744:INFO: Epoch: [299][0/8]	Loss 0.031173 (0.031173)
2023-09-19 14:31:40,829:INFO:  * ADE  0.273 FDE  0.525
2023-09-19 14:31:40,845:INFO: Epoch: [300][0/8]	Loss 0.031912 (0.031912)
2023-09-19 14:31:40,925:INFO:  * ADE  0.297 FDE  0.597
2023-09-19 14:31:40,941:INFO: Epoch: [301][0/8]	Loss 0.031001 (0.031001)
2023-09-19 14:31:41,023:INFO:  * ADE  0.278 FDE  0.547
2023-09-19 14:31:41,038:INFO: Epoch: [302][0/8]	Loss 0.031879 (0.031879)
2023-09-19 14:31:41,122:INFO:  * ADE  0.267 FDE  0.522
2023-09-19 14:31:41,137:INFO: Epoch: [303][0/8]	Loss 0.031870 (0.031870)
2023-09-19 14:31:41,221:INFO:  * ADE  0.310 FDE  0.628
2023-09-19 14:31:41,239:INFO: Epoch: [304][0/8]	Loss 0.030972 (0.030972)
2023-09-19 14:31:41,335:INFO:  * ADE  0.277 FDE  0.529
2023-09-19 14:31:41,356:INFO: Epoch: [305][0/8]	Loss 0.032178 (0.032178)
2023-09-19 14:31:41,463:INFO:  * ADE  0.329 FDE  0.661
2023-09-19 14:31:41,483:INFO: Epoch: [306][0/8]	Loss 0.030702 (0.030702)
2023-09-19 14:31:41,588:INFO:  * ADE  0.270 FDE  0.533
2023-09-19 14:31:41,609:INFO: Epoch: [307][0/8]	Loss 0.031046 (0.031046)
2023-09-19 14:31:41,709:INFO:  * ADE  0.293 FDE  0.581
2023-09-19 14:31:41,727:INFO: Epoch: [308][0/8]	Loss 0.031320 (0.031320)
2023-09-19 14:31:41,816:INFO:  * ADE  0.277 FDE  0.557
2023-09-19 14:31:41,833:INFO: Epoch: [309][0/8]	Loss 0.030801 (0.030801)
2023-09-19 14:31:41,918:INFO:  * ADE  0.266 FDE  0.531
2023-09-19 14:31:41,936:INFO: Epoch: [310][0/8]	Loss 0.031338 (0.031338)
2023-09-19 14:31:42,018:INFO:  * ADE  0.290 FDE  0.578
2023-09-19 14:31:42,035:INFO: Epoch: [311][0/8]	Loss 0.031615 (0.031615)
2023-09-19 14:31:42,116:INFO:  * ADE  0.272 FDE  0.534
2023-09-19 14:31:42,133:INFO: Epoch: [312][0/8]	Loss 0.031109 (0.031109)
2023-09-19 14:31:42,215:INFO:  * ADE  0.302 FDE  0.611
2023-09-19 14:31:42,233:INFO: Epoch: [313][0/8]	Loss 0.030707 (0.030707)
2023-09-19 14:31:42,329:INFO:  * ADE  0.272 FDE  0.538
2023-09-19 14:31:42,347:INFO: Epoch: [314][0/8]	Loss 0.032443 (0.032443)
2023-09-19 14:31:42,441:INFO:  * ADE  0.275 FDE  0.544
2023-09-19 14:31:42,458:INFO: Epoch: [315][0/8]	Loss 0.030659 (0.030659)
2023-09-19 14:31:42,548:INFO:  * ADE  0.303 FDE  0.600
2023-09-19 14:31:42,564:INFO: Epoch: [316][0/8]	Loss 0.031729 (0.031729)
2023-09-19 14:31:42,656:INFO:  * ADE  0.263 FDE  0.512
2023-09-19 14:31:42,672:INFO: Epoch: [317][0/8]	Loss 0.031509 (0.031509)
2023-09-19 14:31:42,758:INFO:  * ADE  0.332 FDE  0.671
2023-09-19 14:31:42,774:INFO: Epoch: [318][0/8]	Loss 0.031383 (0.031383)
2023-09-19 14:31:42,855:INFO:  * ADE  0.274 FDE  0.520
2023-09-19 14:31:42,874:INFO: Epoch: [319][0/8]	Loss 0.032621 (0.032621)
2023-09-19 14:31:42,952:INFO:  * ADE  0.370 FDE  0.751
2023-09-19 14:31:42,968:INFO: Epoch: [320][0/8]	Loss 0.030749 (0.030749)
2023-09-19 14:31:43,049:INFO:  * ADE  0.272 FDE  0.525
2023-09-19 14:31:43,064:INFO: Epoch: [321][0/8]	Loss 0.032023 (0.032023)
2023-09-19 14:31:43,144:INFO:  * ADE  0.339 FDE  0.689
2023-09-19 14:31:43,159:INFO: Epoch: [322][0/8]	Loss 0.031221 (0.031221)
2023-09-19 14:31:43,239:INFO:  * ADE  0.268 FDE  0.526
2023-09-19 14:31:43,256:INFO: Epoch: [323][0/8]	Loss 0.031580 (0.031580)
2023-09-19 14:31:43,336:INFO:  * ADE  0.299 FDE  0.606
2023-09-19 14:31:43,352:INFO: Epoch: [324][0/8]	Loss 0.030575 (0.030575)
2023-09-19 14:31:43,432:INFO:  * ADE  0.263 FDE  0.521
2023-09-19 14:31:43,448:INFO: Epoch: [325][0/8]	Loss 0.030552 (0.030552)
2023-09-19 14:31:43,524:INFO:  * ADE  0.283 FDE  0.572
2023-09-19 14:31:43,540:INFO: Epoch: [326][0/8]	Loss 0.031388 (0.031388)
2023-09-19 14:31:43,617:INFO:  * ADE  0.274 FDE  0.547
2023-09-19 14:31:43,631:INFO: Epoch: [327][0/8]	Loss 0.031005 (0.031005)
2023-09-19 14:31:43,714:INFO:  * ADE  0.282 FDE  0.564
2023-09-19 14:31:43,737:INFO: Epoch: [328][0/8]	Loss 0.031113 (0.031113)
2023-09-19 14:31:43,832:INFO:  * ADE  0.265 FDE  0.530
2023-09-19 14:31:43,852:INFO: Epoch: [329][0/8]	Loss 0.031075 (0.031075)
2023-09-19 14:31:43,943:INFO:  * ADE  0.277 FDE  0.549
2023-09-19 14:31:43,959:INFO: Epoch: [330][0/8]	Loss 0.031148 (0.031148)
2023-09-19 14:31:44,051:INFO:  * ADE  0.278 FDE  0.555
2023-09-19 14:31:44,071:INFO: Epoch: [331][0/8]	Loss 0.031399 (0.031399)
2023-09-19 14:31:44,177:INFO:  * ADE  0.285 FDE  0.566
2023-09-19 14:31:44,200:INFO: Epoch: [332][0/8]	Loss 0.030265 (0.030265)
2023-09-19 14:31:44,310:INFO:  * ADE  0.270 FDE  0.538
2023-09-19 14:31:44,330:INFO: Epoch: [333][0/8]	Loss 0.031832 (0.031832)
2023-09-19 14:31:44,428:INFO:  * ADE  0.277 FDE  0.554
2023-09-19 14:31:44,444:INFO: Epoch: [334][0/8]	Loss 0.030733 (0.030733)
2023-09-19 14:31:44,537:INFO:  * ADE  0.283 FDE  0.573
2023-09-19 14:31:44,554:INFO: Epoch: [335][0/8]	Loss 0.031237 (0.031237)
2023-09-19 14:31:44,640:INFO:  * ADE  0.259 FDE  0.515
2023-09-19 14:31:44,655:INFO: Epoch: [336][0/8]	Loss 0.030868 (0.030868)
2023-09-19 14:31:44,754:INFO:  * ADE  0.326 FDE  0.667
2023-09-19 14:31:44,779:INFO: Epoch: [337][0/8]	Loss 0.030731 (0.030731)
2023-09-19 14:31:44,902:INFO:  * ADE  0.267 FDE  0.512
2023-09-19 14:31:44,926:INFO: Epoch: [338][0/8]	Loss 0.032057 (0.032057)
2023-09-19 14:31:45,036:INFO:  * ADE  0.343 FDE  0.703
2023-09-19 14:31:45,054:INFO: Epoch: [339][0/8]	Loss 0.031135 (0.031135)
2023-09-19 14:31:45,151:INFO:  * ADE  0.273 FDE  0.534
2023-09-19 14:31:45,170:INFO: Epoch: [340][0/8]	Loss 0.032582 (0.032582)
2023-09-19 14:31:45,281:INFO:  * ADE  0.323 FDE  0.668
2023-09-19 14:31:45,300:INFO: Epoch: [341][0/8]	Loss 0.030294 (0.030294)
2023-09-19 14:31:45,387:INFO:  * ADE  0.278 FDE  0.562
2023-09-19 14:31:45,402:INFO: Epoch: [342][0/8]	Loss 0.032454 (0.032454)
2023-09-19 14:31:45,486:INFO:  * ADE  0.296 FDE  0.584
2023-09-19 14:31:45,502:INFO: Epoch: [343][0/8]	Loss 0.031121 (0.031121)
2023-09-19 14:31:45,581:INFO:  * ADE  0.297 FDE  0.602
2023-09-19 14:31:45,596:INFO: Epoch: [344][0/8]	Loss 0.030767 (0.030767)
2023-09-19 14:31:45,675:INFO:  * ADE  0.282 FDE  0.554
2023-09-19 14:31:45,689:INFO: Epoch: [345][0/8]	Loss 0.031638 (0.031638)
2023-09-19 14:31:45,768:INFO:  * ADE  0.285 FDE  0.582
2023-09-19 14:31:45,782:INFO: Epoch: [346][0/8]	Loss 0.030410 (0.030410)
2023-09-19 14:31:45,860:INFO:  * ADE  0.264 FDE  0.522
2023-09-19 14:31:45,873:INFO: Epoch: [347][0/8]	Loss 0.031101 (0.031101)
2023-09-19 14:31:45,951:INFO:  * ADE  0.298 FDE  0.612
2023-09-19 14:31:45,966:INFO: Epoch: [348][0/8]	Loss 0.030545 (0.030545)
2023-09-19 14:31:46,049:INFO:  * ADE  0.260 FDE  0.497
2023-09-19 14:31:46,068:INFO: Epoch: [349][0/8]	Loss 0.031690 (0.031690)
2023-09-19 14:31:46,159:INFO:  * ADE  0.301 FDE  0.617
2023-09-19 14:31:46,174:INFO: Epoch: [350][0/8]	Loss 0.030208 (0.030208)
2023-09-19 14:31:46,262:INFO:  * ADE  0.264 FDE  0.525
2023-09-19 14:31:46,276:INFO: Epoch: [351][0/8]	Loss 0.031272 (0.031272)
2023-09-19 14:31:46,361:INFO:  * ADE  0.287 FDE  0.584
2023-09-19 14:31:46,378:INFO: Epoch: [352][0/8]	Loss 0.030857 (0.030857)
2023-09-19 14:31:46,463:INFO:  * ADE  0.273 FDE  0.556
2023-09-19 14:31:46,479:INFO: Epoch: [353][0/8]	Loss 0.030329 (0.030329)
2023-09-19 14:31:46,574:INFO:  * ADE  0.283 FDE  0.566
2023-09-19 14:31:46,590:INFO: Epoch: [354][0/8]	Loss 0.030717 (0.030717)
2023-09-19 14:31:46,674:INFO:  * ADE  0.305 FDE  0.622
2023-09-19 14:31:46,690:INFO: Epoch: [355][0/8]	Loss 0.030827 (0.030827)
2023-09-19 14:31:46,767:INFO:  * ADE  0.264 FDE  0.503
2023-09-19 14:31:46,783:INFO: Epoch: [356][0/8]	Loss 0.030956 (0.030956)
2023-09-19 14:31:46,863:INFO:  * ADE  0.369 FDE  0.759
2023-09-19 14:31:46,877:INFO: Epoch: [357][0/8]	Loss 0.030657 (0.030657)
2023-09-19 14:31:46,954:INFO:  * ADE  0.283 FDE  0.543
2023-09-19 14:31:46,970:INFO: Epoch: [358][0/8]	Loss 0.032540 (0.032540)
2023-09-19 14:31:47,056:INFO:  * ADE  0.386 FDE  0.794
2023-09-19 14:31:47,072:INFO: Epoch: [359][0/8]	Loss 0.030552 (0.030552)
2023-09-19 14:31:47,169:INFO:  * ADE  0.302 FDE  0.594
2023-09-19 14:31:47,189:INFO: Epoch: [360][0/8]	Loss 0.031896 (0.031896)
2023-09-19 14:31:47,296:INFO:  * ADE  0.367 FDE  0.757
2023-09-19 14:31:47,318:INFO: Epoch: [361][0/8]	Loss 0.031183 (0.031183)
2023-09-19 14:31:47,428:INFO:  * ADE  0.289 FDE  0.569
2023-09-19 14:31:47,451:INFO: Epoch: [362][0/8]	Loss 0.031233 (0.031233)
2023-09-19 14:31:47,564:INFO:  * ADE  0.381 FDE  0.794
2023-09-19 14:31:47,588:INFO: Epoch: [363][0/8]	Loss 0.031238 (0.031238)
2023-09-19 14:31:47,702:INFO:  * ADE  0.296 FDE  0.585
2023-09-19 14:31:47,724:INFO: Epoch: [364][0/8]	Loss 0.032557 (0.032557)
2023-09-19 14:31:47,834:INFO:  * ADE  0.371 FDE  0.765
2023-09-19 14:31:47,855:INFO: Epoch: [365][0/8]	Loss 0.031677 (0.031677)
2023-09-19 14:31:47,969:INFO:  * ADE  0.305 FDE  0.613
2023-09-19 14:31:47,993:INFO: Epoch: [366][0/8]	Loss 0.031285 (0.031285)
2023-09-19 14:31:48,106:INFO:  * ADE  0.354 FDE  0.739
2023-09-19 14:31:48,132:INFO: Epoch: [367][0/8]	Loss 0.031420 (0.031420)
2023-09-19 14:31:48,234:INFO:  * ADE  0.294 FDE  0.592
2023-09-19 14:31:48,252:INFO: Epoch: [368][0/8]	Loss 0.031533 (0.031533)
2023-09-19 14:31:48,349:INFO:  * ADE  0.319 FDE  0.652
2023-09-19 14:31:48,367:INFO: Epoch: [369][0/8]	Loss 0.030879 (0.030879)
2023-09-19 14:31:48,462:INFO:  * ADE  0.308 FDE  0.628
2023-09-19 14:31:48,482:INFO: Epoch: [370][0/8]	Loss 0.031076 (0.031076)
2023-09-19 14:31:48,573:INFO:  * ADE  0.281 FDE  0.552
2023-09-19 14:31:48,592:INFO: Epoch: [371][0/8]	Loss 0.030412 (0.030412)
2023-09-19 14:31:48,679:INFO:  * ADE  0.330 FDE  0.678
2023-09-19 14:31:48,697:INFO: Epoch: [372][0/8]	Loss 0.030683 (0.030683)
2023-09-19 14:31:48,781:INFO:  * ADE  0.266 FDE  0.517
2023-09-19 14:31:48,802:INFO: Epoch: [373][0/8]	Loss 0.030507 (0.030507)
2023-09-19 14:31:48,884:INFO:  * ADE  0.361 FDE  0.743
2023-09-19 14:31:48,901:INFO: Epoch: [374][0/8]	Loss 0.030431 (0.030431)
2023-09-19 14:31:48,987:INFO:  * ADE  0.291 FDE  0.560
2023-09-19 14:31:49,003:INFO: Epoch: [375][0/8]	Loss 0.031241 (0.031241)
2023-09-19 14:31:49,093:INFO:  * ADE  0.371 FDE  0.767
2023-09-19 14:31:49,110:INFO: Epoch: [376][0/8]	Loss 0.030533 (0.030533)
2023-09-19 14:31:49,207:INFO:  * ADE  0.301 FDE  0.589
2023-09-19 14:31:49,226:INFO: Epoch: [377][0/8]	Loss 0.032090 (0.032090)
2023-09-19 14:31:49,314:INFO:  * ADE  0.388 FDE  0.802
2023-09-19 14:31:49,332:INFO: Epoch: [378][0/8]	Loss 0.031539 (0.031539)
2023-09-19 14:31:49,421:INFO:  * ADE  0.315 FDE  0.623
2023-09-19 14:31:49,439:INFO: Epoch: [379][0/8]	Loss 0.032275 (0.032275)
2023-09-19 14:31:49,528:INFO:  * ADE  0.381 FDE  0.789
2023-09-19 14:31:49,545:INFO: Epoch: [380][0/8]	Loss 0.031984 (0.031984)
2023-09-19 14:31:49,632:INFO:  * ADE  0.325 FDE  0.649
2023-09-19 14:31:49,648:INFO: Epoch: [381][0/8]	Loss 0.031017 (0.031017)
2023-09-19 14:31:49,738:INFO:  * ADE  0.345 FDE  0.716
2023-09-19 14:31:49,753:INFO: Epoch: [382][0/8]	Loss 0.031310 (0.031310)
2023-09-19 14:31:49,837:INFO:  * ADE  0.303 FDE  0.611
2023-09-19 14:31:49,853:INFO: Epoch: [383][0/8]	Loss 0.031443 (0.031443)
2023-09-19 14:31:49,935:INFO:  * ADE  0.340 FDE  0.708
2023-09-19 14:31:49,953:INFO: Epoch: [384][0/8]	Loss 0.030946 (0.030946)
2023-09-19 14:31:50,036:INFO:  * ADE  0.289 FDE  0.582
2023-09-19 14:31:50,051:INFO: Epoch: [385][0/8]	Loss 0.030868 (0.030868)
2023-09-19 14:31:50,137:INFO:  * ADE  0.318 FDE  0.658
2023-09-19 14:31:50,153:INFO: Epoch: [386][0/8]	Loss 0.030652 (0.030652)
2023-09-19 14:31:50,239:INFO:  * ADE  0.287 FDE  0.577
2023-09-19 14:31:50,253:INFO: Epoch: [387][0/8]	Loss 0.030342 (0.030342)
2023-09-19 14:31:50,340:INFO:  * ADE  0.304 FDE  0.632
2023-09-19 14:31:50,359:INFO: Epoch: [388][0/8]	Loss 0.029750 (0.029750)
2023-09-19 14:31:50,442:INFO:  * ADE  0.281 FDE  0.563
2023-09-19 14:31:50,456:INFO: Epoch: [389][0/8]	Loss 0.029960 (0.029960)
2023-09-19 14:31:50,545:INFO:  * ADE  0.317 FDE  0.659
2023-09-19 14:31:50,561:INFO: Epoch: [390][0/8]	Loss 0.030481 (0.030481)
2023-09-19 14:31:50,643:INFO:  * ADE  0.282 FDE  0.563
2023-09-19 14:31:50,659:INFO: Epoch: [391][0/8]	Loss 0.030187 (0.030187)
2023-09-19 14:31:50,745:INFO:  * ADE  0.331 FDE  0.690
2023-09-19 14:31:50,761:INFO: Epoch: [392][0/8]	Loss 0.030353 (0.030353)
2023-09-19 14:31:50,847:INFO:  * ADE  0.275 FDE  0.547
2023-09-19 14:31:50,863:INFO: Epoch: [393][0/8]	Loss 0.030553 (0.030553)
2023-09-19 14:31:50,945:INFO:  * ADE  0.327 FDE  0.679
2023-09-19 14:31:50,961:INFO: Epoch: [394][0/8]	Loss 0.029896 (0.029896)
2023-09-19 14:31:51,044:INFO:  * ADE  0.285 FDE  0.571
2023-09-19 14:31:51,059:INFO: Epoch: [395][0/8]	Loss 0.031190 (0.031190)
2023-09-19 14:31:51,145:INFO:  * ADE  0.318 FDE  0.657
2023-09-19 14:31:51,160:INFO: Epoch: [396][0/8]	Loss 0.030144 (0.030144)
2023-09-19 14:31:51,244:INFO:  * ADE  0.296 FDE  0.605
2023-09-19 14:31:51,260:INFO: Epoch: [397][0/8]	Loss 0.031042 (0.031042)
2023-09-19 14:31:51,346:INFO:  * ADE  0.326 FDE  0.683
2023-09-19 14:31:51,360:INFO: Epoch: [398][0/8]	Loss 0.029770 (0.029770)
2023-09-19 14:31:51,447:INFO:  * ADE  0.288 FDE  0.574
2023-09-19 14:31:51,462:INFO: Epoch: [399][0/8]	Loss 0.030666 (0.030666)
2023-09-19 14:31:51,545:INFO:  * ADE  0.320 FDE  0.661
2023-09-19 14:31:51,562:INFO: Epoch: [400][0/8]	Loss 0.029726 (0.029726)
2023-09-19 14:31:51,658:INFO:  * ADE  0.291 FDE  0.597
2023-09-20 16:28:15,988:INFO: Initializing train dataset
2023-09-20 16:30:50,476:INFO: Epoch: [1][0/8]	Loss 0.056728 (0.056728)
2023-09-20 16:32:30,999:INFO: Epoch: [2][0/8]	Loss 0.048728 (0.048728)
2023-09-20 16:32:31,163:INFO: Epoch: [3][0/8]	Loss 0.044198 (0.044198)
2023-09-20 16:32:31,302:INFO: Epoch: [4][0/8]	Loss 0.042194 (0.042194)
2023-09-20 16:32:31,406:INFO: Epoch: [5][0/8]	Loss 0.041448 (0.041448)
2023-09-20 16:32:31,509:INFO: Epoch: [6][0/8]	Loss 0.041142 (0.041142)
2023-09-20 16:32:31,609:INFO: Epoch: [7][0/8]	Loss 0.040820 (0.040820)
2023-09-20 16:32:31,705:INFO: Epoch: [8][0/8]	Loss 0.040573 (0.040573)
2023-09-20 16:32:31,802:INFO: Epoch: [9][0/8]	Loss 0.040058 (0.040058)
2023-09-20 16:32:31,894:INFO: Epoch: [10][0/8]	Loss 0.039626 (0.039626)
2023-09-20 16:32:31,984:INFO: Epoch: [11][0/8]	Loss 0.038936 (0.038936)
2023-09-20 16:32:32,093:INFO: Epoch: [12][0/8]	Loss 0.038096 (0.038096)
2023-09-20 16:32:32,187:INFO: Epoch: [13][0/8]	Loss 0.036639 (0.036639)
2023-09-20 16:32:32,277:INFO: Epoch: [14][0/8]	Loss 0.040682 (0.040682)
2023-09-20 16:32:32,370:INFO: Epoch: [15][0/8]	Loss 0.041280 (0.041280)
2023-09-20 16:32:32,462:INFO: Epoch: [16][0/8]	Loss 0.039227 (0.039227)
2023-09-20 16:32:32,550:INFO: Epoch: [17][0/8]	Loss 0.040303 (0.040303)
2023-09-20 16:36:12,873:INFO: Initializing train dataset
2023-09-20 16:38:48,441:INFO: Epoch: [1][0/8]	Loss 0.056728 (0.056728)
2023-09-21 10:13:27,500:INFO: Initializing train dataset
2023-09-21 16:08:31,958:INFO: Initializing train dataset
